  Lab2.cpp
e:\programs\yandexdisk\projects c#\graphc++\lab1\project1\lab2.cpp(396): warning C4060: оператор switch не содержит метку "case" или "default"
e:\programs\yandexdisk\projects c#\graphc++\lab1\project1\lab2.cpp(419): warning C4244: аргумент: преобразование "int" в "Gdiplus::REAL", возможна потеря данных
e:\programs\yandexdisk\projects c#\graphc++\lab1\project1\lab2.cpp(436): warning C4244: аргумент: преобразование "INT" в "Gdiplus::REAL", возможна потеря данных
e:\programs\yandexdisk\projects c#\graphc++\lab1\project1\lab2.cpp(470): warning C4244: =: преобразование "double" в "Gdiplus::REAL", возможна потеря данных
e:\programs\yandexdisk\projects c#\graphc++\lab1\project1\lab2.cpp(478): warning C4244: аргумент: преобразование "Gdiplus::REAL" в "int", возможна потеря данных
e:\programs\yandexdisk\projects c#\graphc++\lab1\project1\lab2.cpp(523): warning C4244: =: преобразование "float" в "INT", возможна потеря данных
e:\programs\yandexdisk\projects c#\graphc++\lab1\project1\lab2.cpp(524): warning C4244: =: преобразование "Gdiplus::REAL" в "INT", возможна потеря данных
e:\programs\yandexdisk\projects c#\graphc++\lab1\project1\lab2.cpp(525): warning C4244: =: преобразование "Gdiplus::REAL" в "INT", возможна потеря данных
e:\programs\yandexdisk\projects c#\graphc++\lab1\project1\lab2.cpp(528): warning C4244: =: преобразование "float" в "INT", возможна потеря данных
e:\programs\yandexdisk\projects c#\graphc++\lab1\project1\lab2.cpp(529): warning C4244: =: преобразование "Gdiplus::REAL" в "INT", возможна потеря данных
e:\programs\yandexdisk\projects c#\graphc++\lab1\project1\lab2.cpp(530): warning C4244: =: преобразование "Gdiplus::REAL" в "INT", возможна потеря данных
e:\programs\yandexdisk\projects c#\graphc++\lab1\project1\lab2.cpp(566): warning C4305: аргумент: усечение из "double" в "Gdiplus::REAL"
e:\programs\yandexdisk\projects c#\graphc++\lab1\project1\lab2.cpp(653): warning C4244: =: преобразование "float" в "INT", возможна потеря данных
e:\programs\yandexdisk\projects c#\graphc++\lab1\project1\lab2.cpp(654): warning C4244: =: преобразование "Gdiplus::REAL" в "INT", возможна потеря данных
e:\programs\yandexdisk\projects c#\graphc++\lab1\project1\lab2.cpp(655): warning C4244: =: преобразование "Gdiplus::REAL" в "INT", возможна потеря данных
e:\programs\yandexdisk\projects c#\graphc++\lab1\project1\lab2.cpp(659): warning C4244: =: преобразование "float" в "INT", возможна потеря данных
e:\programs\yandexdisk\projects c#\graphc++\lab1\project1\lab2.cpp(660): warning C4244: =: преобразование "Gdiplus::REAL" в "INT", возможна потеря данных
e:\programs\yandexdisk\projects c#\graphc++\lab1\project1\lab2.cpp(661): warning C4244: =: преобразование "Gdiplus::REAL" в "INT", возможна потеря данных
e:\programs\yandexdisk\projects c#\graphc++\lab1\project1\lab2.cpp(665): warning C4305: +=: усечение из "double" в "float"
e:\programs\yandexdisk\projects c#\graphc++\lab1\project1\lab2.cpp(693): warning C4244: =: преобразование "float" в "INT", возможна потеря данных
e:\programs\yandexdisk\projects c#\graphc++\lab1\project1\lab2.cpp(694): warning C4244: =: преобразование "Gdiplus::REAL" в "INT", возможна потеря данных
e:\programs\yandexdisk\projects c#\graphc++\lab1\project1\lab2.cpp(695): warning C4244: =: преобразование "Gdiplus::REAL" в "INT", возможна потеря данных
e:\programs\yandexdisk\projects c#\graphc++\lab1\project1\lab2.cpp(699): warning C4244: =: преобразование "float" в "INT", возможна потеря данных
e:\programs\yandexdisk\projects c#\graphc++\lab1\project1\lab2.cpp(700): warning C4244: =: преобразование "Gdiplus::REAL" в "INT", возможна потеря данных
e:\programs\yandexdisk\projects c#\graphc++\lab1\project1\lab2.cpp(701): warning C4244: =: преобразование "Gdiplus::REAL" в "INT", возможна потеря данных
e:\programs\yandexdisk\projects c#\graphc++\lab1\project1\lab2.cpp(705): warning C4305: +=: усечение из "double" в "float"
e:\programs\yandexdisk\projects c#\graphc++\lab1\project1\lab2.cpp(843): warning C4101: gdiplusStartupOutput: неиспользованная локальная переменная
e:\programs\yandexdisk\projects c#\graphc++\lab1\project1\lab2.cpp(915): warning C4101: bm: неиспользованная локальная переменная
e:\programs\yandexdisk\projects c#\graphc++\lab1\project1\lab2.cpp(942): warning C4305: инициализация: усечение из "double" в "float"
e:\programs\yandexdisk\projects c#\graphc++\lab1\project1\lab2.cpp(947): warning C4244: аргумент: преобразование "double" в "float", возможна потеря данных
e:\programs\yandexdisk\projects c#\graphc++\lab1\project1\lab2.cpp(962): warning C4018: <: несоответствие типов со знаком и без знака
e:\programs\yandexdisk\projects c#\graphc++\lab1\project1\lab2.cpp(968): warning C4244: аргумент: преобразование "double" в "INT", возможна потеря данных
e:\programs\yandexdisk\projects c#\graphc++\lab1\project1\lab2.cpp(1005): warning C4018: <: несоответствие типов со знаком и без знака
e:\programs\yandexdisk\projects c#\graphc++\lab1\project1\lab2.cpp(1011): warning C4018: <: несоответствие типов со знаком и без знака
  Создание кода
  2 of 225 functions ( 0.9%) were compiled, the rest were copied from previous compilation.
    0 functions were new in current compilation
    1 functions had inline decision re-evaluated but remain unchanged
  Создание кода завершено
  Project1.vcxproj -> E:\Programs\YandexDisk\Projects C#\GraphC++\Lab1\Release\Lab2.exe
